2018-03-15 18:24:10,327 [INFO] from application in play-dev-mode-akka.actor.default-dispatcher-14 - Creating Pool for datasource 'default'
2018-03-15 18:24:10,923 [INFO] from play.api.db.DefaultDBApi in play-dev-mode-akka.actor.default-dispatcher-14 - Database [default] connected at jdbc:h2:file:./data/productsDB
2018-03-15 18:24:13,907 [WARN] from org.hibernate.validator.messageinterpolation.ParameterMessageInterpolator in play-dev-mode-akka.actor.default-dispatcher-14 - HV000184: ParameterMessageInterpolator has been chosen, EL interpolation will not be supported
2018-03-15 18:24:14,375 [INFO] from play.api.http.EnabledFilters in play-dev-mode-akka.actor.default-dispatcher-14 - Enabled Filters (see <https://www.playframework.com/documentation/latest/Filters>):

    play.filters.csrf.CSRFFilter
    play.filters.headers.SecurityHeadersFilter
    play.filters.hosts.AllowedHostsFilter

2018-03-15 18:24:14,387 [INFO] from play.api.Play in play-dev-mode-akka.actor.default-dispatcher-14 - Application started (Dev)
2018-03-15 18:24:14,783 [WARN] from play.api.mvc.DefaultJWTCookieDataCodec in application-akka.actor.default-dispatcher-7 - decode: cookie has invalid signature! message = JWT signature does not match locally computed signature. JWT validity cannot be asserted and should not be trusted.
2018-03-15 18:24:14,787 [INFO] from play.api.mvc.DefaultJWTCookieDataCodec in application-akka.actor.default-dispatcher-7 - The JWT signature in the cookie does not match the locally computed signature with the server.
This usually indicates the browser has a leftover cookie from another Play application,
so clearing cookies may resolve this error message.
2018-03-15 18:24:15,160 [WARN] from play.api.mvc.DefaultJWTCookieDataCodec in application-akka.actor.default-dispatcher-7 - decode: cookie has invalid signature! message = JWT signature does not match locally computed signature. JWT validity cannot be asserted and should not be trusted.
2018-03-15 18:24:15,164 [INFO] from play.api.mvc.DefaultJWTCookieDataCodec in application-akka.actor.default-dispatcher-7 - The JWT signature in the cookie does not match the locally computed signature with the server.
This usually indicates the browser has a leftover cookie from another Play application,
so clearing cookies may resolve this error message.
2018-03-15 18:24:15,740 [WARN] from play.api.mvc.DefaultJWTCookieDataCodec in application-akka.actor.default-dispatcher-7 - decode: cookie has invalid signature! message = JWT signature does not match locally computed signature. JWT validity cannot be asserted and should not be trusted.
2018-03-15 18:24:15,740 [INFO] from play.api.mvc.DefaultJWTCookieDataCodec in application-akka.actor.default-dispatcher-7 - The JWT signature in the cookie does not match the locally computed signature with the server.
This usually indicates the browser has a leftover cookie from another Play application,
so clearing cookies may resolve this error message.
2018-03-15 18:24:15,928 [WARN] from play.api.mvc.DefaultJWTCookieDataCodec in application-akka.actor.default-dispatcher-6 - decode: cookie has invalid signature! message = JWT signature does not match locally computed signature. JWT validity cannot be asserted and should not be trusted.
2018-03-15 18:24:15,928 [INFO] from play.api.mvc.DefaultJWTCookieDataCodec in application-akka.actor.default-dispatcher-6 - The JWT signature in the cookie does not match the locally computed signature with the server.
This usually indicates the browser has a leftover cookie from another Play application,
so clearing cookies may resolve this error message.
2018-03-15 18:24:50,061 [WARN] from application in application-akka.actor.default-dispatcher-11 - The "validate" method in class "models.users.Login" is deprecated since Play 2.6. To migrate to class-level constraints see https://www.playframework.com/documentation/2.6.x/Migration26#java-form-changes and https://www.playframework.com/documentation/2.6.x/JavaForms#Advanced-validation
2018-03-15 18:28:22,536 [ERROR] from application in play-dev-mode-akka.actor.default-dispatcher-39 - 

! @77a33bjad - Internal server error, for (GET) [/listProducts] ->
 
play.sbt.PlayExceptions$CompilationException: Compilation error[not a statement]
	at play.sbt.PlayExceptions$CompilationException$.apply(PlayExceptions.scala:34)
	at play.sbt.PlayExceptions$CompilationException$.apply(PlayExceptions.scala:34)
	at scala.Option.map(Option.scala:146)
	at play.sbt.run.PlayReload$.$anonfun$taskFailureHandler$1(PlayReload.scala:33)
	at scala.Option.map(Option.scala:146)
	at play.sbt.run.PlayReload$.taskFailureHandler(PlayReload.scala:28)
	at play.sbt.run.PlayReload$.compileFailure(PlayReload.scala:24)
	at play.sbt.run.PlayReload$.$anonfun$compile$3(PlayReload.scala:51)
	at scala.util.Either$LeftProjection.map(Either.scala:573)
	at play.sbt.run.PlayReload$.compile(PlayReload.scala:51)
	at play.sbt.run.PlayRun$.$anonfun$playRunTask$4(PlayRun.scala:76)
	at play.runsupport.Reloader.$anonfun$reload$1(Reloader.scala:413)
	at play.runsupport.Reloader$$anon$5.run(Reloader.scala:51)
	at java.security.AccessController.doPrivileged(Native Method)
	at play.runsupport.Reloader$.play$runsupport$Reloader$$withReloaderContextClassLoader(Reloader.scala:56)
	at play.runsupport.Reloader.reload(Reloader.scala:413)
	at play.core.server.DevServerStart$$anon$1.get(DevServerStart.scala:123)
	at play.core.server.Server.getHandlerFor(Server.scala:63)
	at play.core.server.Server.getHandlerFor$(Server.scala:48)
	at play.core.server.AkkaHttpServer.getHandlerFor(AkkaHttpServer.scala:41)
	at play.core.server.AkkaHttpServer.getHandler(AkkaHttpServer.scala:214)
	at play.core.server.AkkaHttpServer.handleRequest(AkkaHttpServer.scala:194)
	at play.core.server.AkkaHttpServer.$anonfun$createServerBinding$1(AkkaHttpServer.scala:106)
	at akka.stream.impl.fusing.MapAsync$$anon$24.onPush(Ops.scala:1191)
	at akka.stream.impl.fusing.GraphInterpreter.processPush(GraphInterpreter.scala:512)
	at akka.stream.impl.fusing.GraphInterpreter.processEvent(GraphInterpreter.scala:475)
	at akka.stream.impl.fusing.GraphInterpreter.execute(GraphInterpreter.scala:371)
	at akka.stream.impl.fusing.GraphInterpreterShell.runBatch(ActorGraphInterpreter.scala:584)
	at akka.stream.impl.fusing.GraphInterpreterShell$AsyncInput.execute(ActorGraphInterpreter.scala:468)
	at akka.stream.impl.fusing.GraphInterpreterShell.processEvent(ActorGraphInterpreter.scala:559)
	at akka.stream.impl.fusing.ActorGraphInterpreter.akka$stream$impl$fusing$ActorGraphInterpreter$$processEvent(ActorGraphInterpreter.scala:741)
	at akka.stream.impl.fusing.ActorGraphInterpreter$$anonfun$receive$1.applyOrElse(ActorGraphInterpreter.scala:756)
	at akka.actor.Actor.aroundReceive(Actor.scala:517)
	at akka.actor.Actor.aroundReceive$(Actor.scala:515)
	at akka.stream.impl.fusing.ActorGraphInterpreter.aroundReceive(ActorGraphInterpreter.scala:666)
	at akka.actor.ActorCell.receiveMessage(ActorCell.scala:527)
	at akka.actor.ActorCell.invoke(ActorCell.scala:496)
	at akka.dispatch.Mailbox.processMailbox(Mailbox.scala:257)
	at akka.dispatch.Mailbox.run(Mailbox.scala:224)
	at akka.dispatch.Mailbox.exec(Mailbox.scala:234)
	at akka.dispatch.forkjoin.ForkJoinTask.doExec(ForkJoinTask.java:260)
	at akka.dispatch.forkjoin.ForkJoinPool$WorkQueue.runTask(ForkJoinPool.java:1339)
	at akka.dispatch.forkjoin.ForkJoinPool.runWorker(ForkJoinPool.java:1979)
	at akka.dispatch.forkjoin.ForkJoinWorkerThread.run(ForkJoinWorkerThread.java:107)
2018-03-15 18:28:58,308 [INFO] from application in application-akka.actor.default-dispatcher-16 - Shutting down connection pool.
2018-03-15 18:28:59,069 [INFO] from application in play-dev-mode-akka.actor.default-dispatcher-43 - Creating Pool for datasource 'default'
2018-03-15 18:28:59,245 [INFO] from play.api.db.DefaultDBApi in play-dev-mode-akka.actor.default-dispatcher-43 - Database [default] connected at jdbc:h2:file:./data/productsDB
2018-03-15 18:28:59,929 [WARN] from org.hibernate.validator.messageinterpolation.ParameterMessageInterpolator in play-dev-mode-akka.actor.default-dispatcher-43 - HV000184: ParameterMessageInterpolator has been chosen, EL interpolation will not be supported
2018-03-15 18:29:00,241 [INFO] from play.api.http.EnabledFilters in play-dev-mode-akka.actor.default-dispatcher-43 - Enabled Filters (see <https://www.playframework.com/documentation/latest/Filters>):

    play.filters.csrf.CSRFFilter
    play.filters.headers.SecurityHeadersFilter
    play.filters.hosts.AllowedHostsFilter

2018-03-15 18:29:00,241 [INFO] from play.api.Play in play-dev-mode-akka.actor.default-dispatcher-43 - Application started (Dev)
2018-03-15 18:31:17,598 [INFO] from application in application-akka.actor.default-dispatcher-4 - Shutting down connection pool.
2018-03-15 18:31:18,322 [INFO] from application in play-dev-mode-akka.actor.default-dispatcher-53 - Creating Pool for datasource 'default'
2018-03-15 18:31:18,506 [INFO] from play.api.db.DefaultDBApi in play-dev-mode-akka.actor.default-dispatcher-53 - Database [default] connected at jdbc:h2:file:./data/productsDB
2018-03-15 18:31:19,058 [WARN] from org.hibernate.validator.messageinterpolation.ParameterMessageInterpolator in play-dev-mode-akka.actor.default-dispatcher-53 - HV000184: ParameterMessageInterpolator has been chosen, EL interpolation will not be supported
2018-03-15 18:31:19,219 [INFO] from play.api.http.EnabledFilters in play-dev-mode-akka.actor.default-dispatcher-53 - Enabled Filters (see <https://www.playframework.com/documentation/latest/Filters>):

    play.filters.csrf.CSRFFilter
    play.filters.headers.SecurityHeadersFilter
    play.filters.hosts.AllowedHostsFilter

2018-03-15 18:31:19,219 [INFO] from play.api.Play in play-dev-mode-akka.actor.default-dispatcher-53 - Application started (Dev)
2018-03-15 18:34:27,467 [INFO] from application in application-akka.actor.default-dispatcher-17 - Shutting down connection pool.
2018-03-15 18:34:27,923 [INFO] from application in play-dev-mode-akka.actor.default-dispatcher-67 - Creating Pool for datasource 'default'
2018-03-15 18:34:28,187 [INFO] from play.api.db.DefaultDBApi in play-dev-mode-akka.actor.default-dispatcher-67 - Database [default] connected at jdbc:h2:file:./data/productsDB
2018-03-15 18:34:29,068 [WARN] from org.hibernate.validator.messageinterpolation.ParameterMessageInterpolator in play-dev-mode-akka.actor.default-dispatcher-67 - HV000184: ParameterMessageInterpolator has been chosen, EL interpolation will not be supported
2018-03-15 18:34:29,388 [INFO] from play.api.http.EnabledFilters in play-dev-mode-akka.actor.default-dispatcher-67 - Enabled Filters (see <https://www.playframework.com/documentation/latest/Filters>):

    play.filters.csrf.CSRFFilter
    play.filters.headers.SecurityHeadersFilter
    play.filters.hosts.AllowedHostsFilter

2018-03-15 18:34:29,388 [INFO] from play.api.Play in play-dev-mode-akka.actor.default-dispatcher-67 - Application started (Dev)
2018-03-15 18:39:00,804 [INFO] from application in application-akka.actor.default-dispatcher-20 - Shutting down connection pool.
2018-03-15 18:39:01,297 [INFO] from application in play-dev-mode-akka.actor.default-dispatcher-69 - Creating Pool for datasource 'default'
2018-03-15 18:39:01,397 [INFO] from play.api.db.DefaultDBApi in play-dev-mode-akka.actor.default-dispatcher-69 - Database [default] connected at jdbc:h2:file:./data/productsDB
2018-03-15 18:39:02,045 [WARN] from org.hibernate.validator.messageinterpolation.ParameterMessageInterpolator in play-dev-mode-akka.actor.default-dispatcher-69 - HV000184: ParameterMessageInterpolator has been chosen, EL interpolation will not be supported
2018-03-15 18:39:02,237 [INFO] from play.api.http.EnabledFilters in play-dev-mode-akka.actor.default-dispatcher-69 - Enabled Filters (see <https://www.playframework.com/documentation/latest/Filters>):

    play.filters.csrf.CSRFFilter
    play.filters.headers.SecurityHeadersFilter
    play.filters.hosts.AllowedHostsFilter

2018-03-15 18:39:02,237 [INFO] from play.api.Play in play-dev-mode-akka.actor.default-dispatcher-69 - Application started (Dev)
2018-03-15 18:40:14,538 [INFO] from application in application-akka.actor.default-dispatcher-2 - Shutting down connection pool.
2018-03-15 18:40:15,050 [INFO] from application in play-dev-mode-akka.actor.default-dispatcher-100 - Creating Pool for datasource 'default'
2018-03-15 18:40:15,103 [INFO] from play.api.db.DefaultDBApi in play-dev-mode-akka.actor.default-dispatcher-100 - Database [default] connected at jdbc:h2:file:./data/productsDB
2018-03-15 18:40:15,695 [WARN] from org.hibernate.validator.messageinterpolation.ParameterMessageInterpolator in play-dev-mode-akka.actor.default-dispatcher-100 - HV000184: ParameterMessageInterpolator has been chosen, EL interpolation will not be supported
2018-03-15 18:40:15,883 [INFO] from play.api.http.EnabledFilters in play-dev-mode-akka.actor.default-dispatcher-100 - Enabled Filters (see <https://www.playframework.com/documentation/latest/Filters>):

    play.filters.csrf.CSRFFilter
    play.filters.headers.SecurityHeadersFilter
    play.filters.hosts.AllowedHostsFilter

2018-03-15 18:40:15,887 [INFO] from play.api.Play in play-dev-mode-akka.actor.default-dispatcher-100 - Application started (Dev)
2018-03-15 18:41:49,727 [INFO] from application in application-akka.actor.default-dispatcher-17 - Shutting down connection pool.
2018-03-15 18:41:50,288 [INFO] from application in play-dev-mode-akka.actor.default-dispatcher-102 - Creating Pool for datasource 'default'
2018-03-15 18:41:50,356 [INFO] from play.api.db.DefaultDBApi in play-dev-mode-akka.actor.default-dispatcher-102 - Database [default] connected at jdbc:h2:file:./data/productsDB
2018-03-15 18:41:51,012 [WARN] from org.hibernate.validator.messageinterpolation.ParameterMessageInterpolator in play-dev-mode-akka.actor.default-dispatcher-102 - HV000184: ParameterMessageInterpolator has been chosen, EL interpolation will not be supported
2018-03-15 18:41:51,140 [INFO] from play.api.http.EnabledFilters in play-dev-mode-akka.actor.default-dispatcher-102 - Enabled Filters (see <https://www.playframework.com/documentation/latest/Filters>):

    play.filters.csrf.CSRFFilter
    play.filters.headers.SecurityHeadersFilter
    play.filters.hosts.AllowedHostsFilter

2018-03-15 18:41:51,140 [INFO] from play.api.Play in play-dev-mode-akka.actor.default-dispatcher-102 - Application started (Dev)
2018-03-15 18:43:08,799 [INFO] from application in application-akka.actor.default-dispatcher-15 - Shutting down connection pool.
2018-03-15 18:43:09,207 [INFO] from application in play-dev-mode-akka.actor.default-dispatcher-103 - Creating Pool for datasource 'default'
2018-03-15 18:43:09,300 [INFO] from play.api.db.DefaultDBApi in play-dev-mode-akka.actor.default-dispatcher-103 - Database [default] connected at jdbc:h2:file:./data/productsDB
2018-03-15 18:43:09,768 [WARN] from org.hibernate.validator.messageinterpolation.ParameterMessageInterpolator in play-dev-mode-akka.actor.default-dispatcher-103 - HV000184: ParameterMessageInterpolator has been chosen, EL interpolation will not be supported
2018-03-15 18:43:09,888 [INFO] from play.api.http.EnabledFilters in play-dev-mode-akka.actor.default-dispatcher-103 - Enabled Filters (see <https://www.playframework.com/documentation/latest/Filters>):

    play.filters.csrf.CSRFFilter
    play.filters.headers.SecurityHeadersFilter
    play.filters.hosts.AllowedHostsFilter

2018-03-15 18:43:09,888 [INFO] from play.api.Play in play-dev-mode-akka.actor.default-dispatcher-103 - Application started (Dev)
2018-03-15 18:44:02,811 [INFO] from application in application-akka.actor.default-dispatcher-9 - Shutting down connection pool.
2018-03-15 18:44:03,160 [INFO] from application in play-dev-mode-akka.actor.default-dispatcher-111 - Creating Pool for datasource 'default'
2018-03-15 18:44:03,244 [INFO] from play.api.db.DefaultDBApi in play-dev-mode-akka.actor.default-dispatcher-111 - Database [default] connected at jdbc:h2:file:./data/productsDB
2018-03-15 18:44:03,616 [WARN] from org.hibernate.validator.messageinterpolation.ParameterMessageInterpolator in play-dev-mode-akka.actor.default-dispatcher-111 - HV000184: ParameterMessageInterpolator has been chosen, EL interpolation will not be supported
2018-03-15 18:44:03,764 [INFO] from play.api.http.EnabledFilters in play-dev-mode-akka.actor.default-dispatcher-111 - Enabled Filters (see <https://www.playframework.com/documentation/latest/Filters>):

    play.filters.csrf.CSRFFilter
    play.filters.headers.SecurityHeadersFilter
    play.filters.hosts.AllowedHostsFilter

2018-03-15 18:44:03,764 [INFO] from play.api.Play in play-dev-mode-akka.actor.default-dispatcher-111 - Application started (Dev)
2018-03-15 18:50:15,526 [ERROR] from application in play-dev-mode-akka.actor.default-dispatcher-114 - 

! @77a368bi7 - Internal server error, for (GET) [/addToBasket/4] ->
 
play.sbt.PlayExceptions$CompilationException: Compilation error[cannot find symbol
  symbol:   variable i
  location: class models.shopping.Basket]
	at play.sbt.PlayExceptions$CompilationException$.apply(PlayExceptions.scala:34)
	at play.sbt.PlayExceptions$CompilationException$.apply(PlayExceptions.scala:34)
	at scala.Option.map(Option.scala:146)
	at play.sbt.run.PlayReload$.$anonfun$taskFailureHandler$1(PlayReload.scala:33)
	at scala.Option.map(Option.scala:146)
	at play.sbt.run.PlayReload$.taskFailureHandler(PlayReload.scala:28)
	at play.sbt.run.PlayReload$.compileFailure(PlayReload.scala:24)
	at play.sbt.run.PlayReload$.$anonfun$compile$3(PlayReload.scala:51)
	at scala.util.Either$LeftProjection.map(Either.scala:573)
	at play.sbt.run.PlayReload$.compile(PlayReload.scala:51)
	at play.sbt.run.PlayRun$.$anonfun$playRunTask$4(PlayRun.scala:76)
	at play.runsupport.Reloader.$anonfun$reload$1(Reloader.scala:413)
	at play.runsupport.Reloader$$anon$5.run(Reloader.scala:51)
	at java.security.AccessController.doPrivileged(Native Method)
	at play.runsupport.Reloader$.play$runsupport$Reloader$$withReloaderContextClassLoader(Reloader.scala:56)
	at play.runsupport.Reloader.reload(Reloader.scala:413)
	at play.core.server.DevServerStart$$anon$1.get(DevServerStart.scala:123)
	at play.core.server.Server.getHandlerFor(Server.scala:63)
	at play.core.server.Server.getHandlerFor$(Server.scala:48)
	at play.core.server.AkkaHttpServer.getHandlerFor(AkkaHttpServer.scala:41)
	at play.core.server.AkkaHttpServer.getHandler(AkkaHttpServer.scala:214)
	at play.core.server.AkkaHttpServer.handleRequest(AkkaHttpServer.scala:194)
	at play.core.server.AkkaHttpServer.$anonfun$createServerBinding$1(AkkaHttpServer.scala:106)
	at akka.stream.impl.fusing.MapAsync$$anon$24.onPush(Ops.scala:1191)
	at akka.stream.impl.fusing.GraphInterpreter.processPush(GraphInterpreter.scala:512)
	at akka.stream.impl.fusing.GraphInterpreter.processEvent(GraphInterpreter.scala:475)
	at akka.stream.impl.fusing.GraphInterpreter.execute(GraphInterpreter.scala:371)
	at akka.stream.impl.fusing.GraphInterpreterShell.runBatch(ActorGraphInterpreter.scala:584)
	at akka.stream.impl.fusing.GraphInterpreterShell$AsyncInput.execute(ActorGraphInterpreter.scala:468)
	at akka.stream.impl.fusing.GraphInterpreterShell.processEvent(ActorGraphInterpreter.scala:559)
	at akka.stream.impl.fusing.ActorGraphInterpreter.akka$stream$impl$fusing$ActorGraphInterpreter$$processEvent(ActorGraphInterpreter.scala:741)
	at akka.stream.impl.fusing.ActorGraphInterpreter$$anonfun$receive$1.applyOrElse(ActorGraphInterpreter.scala:756)
	at akka.actor.Actor.aroundReceive(Actor.scala:517)
	at akka.actor.Actor.aroundReceive$(Actor.scala:515)
	at akka.stream.impl.fusing.ActorGraphInterpreter.aroundReceive(ActorGraphInterpreter.scala:666)
	at akka.actor.ActorCell.receiveMessage(ActorCell.scala:527)
	at akka.actor.ActorCell.invoke(ActorCell.scala:496)
	at akka.dispatch.Mailbox.processMailbox(Mailbox.scala:257)
	at akka.dispatch.Mailbox.run(Mailbox.scala:224)
	at akka.dispatch.Mailbox.exec(Mailbox.scala:234)
	at akka.dispatch.forkjoin.ForkJoinTask.doExec(ForkJoinTask.java:260)
	at akka.dispatch.forkjoin.ForkJoinPool$WorkQueue.runTask(ForkJoinPool.java:1339)
	at akka.dispatch.forkjoin.ForkJoinPool.runWorker(ForkJoinPool.java:1979)
	at akka.dispatch.forkjoin.ForkJoinWorkerThread.run(ForkJoinWorkerThread.java:107)
2018-03-15 18:51:08,676 [INFO] from application in application-akka.actor.default-dispatcher-6 - Shutting down connection pool.
2018-03-15 18:51:08,985 [INFO] from application in play-dev-mode-akka.actor.default-dispatcher-127 - Creating Pool for datasource 'default'
2018-03-15 18:51:09,069 [INFO] from play.api.db.DefaultDBApi in play-dev-mode-akka.actor.default-dispatcher-127 - Database [default] connected at jdbc:h2:file:./data/productsDB
2018-03-15 18:51:09,389 [WARN] from org.hibernate.validator.messageinterpolation.ParameterMessageInterpolator in play-dev-mode-akka.actor.default-dispatcher-127 - HV000184: ParameterMessageInterpolator has been chosen, EL interpolation will not be supported
2018-03-15 18:51:09,493 [INFO] from play.api.http.EnabledFilters in play-dev-mode-akka.actor.default-dispatcher-127 - Enabled Filters (see <https://www.playframework.com/documentation/latest/Filters>):

    play.filters.csrf.CSRFFilter
    play.filters.headers.SecurityHeadersFilter
    play.filters.hosts.AllowedHostsFilter

2018-03-15 18:51:09,493 [INFO] from play.api.Play in play-dev-mode-akka.actor.default-dispatcher-127 - Application started (Dev)
2018-03-15 18:52:39,807 [INFO] from application in application-akka.actor.default-dispatcher-15 - Shutting down connection pool.
2018-03-15 18:52:40,123 [INFO] from application in play-dev-mode-akka.actor.default-dispatcher-129 - Creating Pool for datasource 'default'
2018-03-15 18:52:40,191 [INFO] from play.api.db.DefaultDBApi in play-dev-mode-akka.actor.default-dispatcher-129 - Database [default] connected at jdbc:h2:file:./data/productsDB
2018-03-15 18:52:40,495 [WARN] from org.hibernate.validator.messageinterpolation.ParameterMessageInterpolator in play-dev-mode-akka.actor.default-dispatcher-129 - HV000184: ParameterMessageInterpolator has been chosen, EL interpolation will not be supported
2018-03-15 18:52:40,595 [INFO] from play.api.http.EnabledFilters in play-dev-mode-akka.actor.default-dispatcher-129 - Enabled Filters (see <https://www.playframework.com/documentation/latest/Filters>):

    play.filters.csrf.CSRFFilter
    play.filters.headers.SecurityHeadersFilter
    play.filters.hosts.AllowedHostsFilter

2018-03-15 18:52:40,595 [INFO] from play.api.Play in play-dev-mode-akka.actor.default-dispatcher-129 - Application started (Dev)
